[2022-02-19T13:00:26.909Z] Validating found git in: git
[2022-02-19T13:00:26.931Z] Using git 2.35.1 from git
[2022-02-19T13:34:58.342Z] > git rev-parse --git-dir [1ms]
[2022-02-19T13:34:58.347Z] Open repository: /home/bito/dev/ruby/src/seedly
[2022-02-19T13:34:58.361Z] > git symbolic-ref --short HEAD [1ms]
[2022-02-19T13:34:58.367Z] > git for-each-ref --format=%(refname)%00%(upstream:short)%00%(objectname)%00%(upstream:track) refs/heads/master refs/remotes/master [1ms]
[2022-02-19T13:34:58.377Z] > git remote --verbose [2ms]
[2022-02-19T13:34:58.377Z] > git for-each-ref --sort -committerdate --format %(refname) %(objectname) %(*objectname) [6ms]
[2022-02-19T13:34:58.383Z] > git config --get commit.template [0ms]
[2022-02-19T13:34:58.669Z] > git ls-files --stage -- /home/bito/dev/ruby/src/seedly/notification.rb [2ms]
[2022-02-19T13:35:38.491Z] > git symbolic-ref --short HEAD [1ms]
[2022-02-19T13:35:38.495Z] > git for-each-ref --format=%(refname)%00%(upstream:short)%00%(objectname)%00%(upstream:track) refs/heads/master refs/remotes/master [0ms]
[2022-02-19T13:35:38.504Z] > git remote --verbose [1ms]
[2022-02-19T13:35:38.504Z] > git for-each-ref --sort -committerdate --format %(refname) %(objectname) %(*objectname) [5ms]
[2022-02-19T13:35:38.512Z] > git config --get commit.template [1ms]
[2022-02-19T13:35:54.294Z] > git symbolic-ref --short HEAD [1ms]
[2022-02-19T13:35:54.297Z] > git for-each-ref --format=%(refname)%00%(upstream:short)%00%(objectname)%00%(upstream:track) refs/heads/master refs/remotes/master [0ms]
[2022-02-19T13:35:54.303Z] > git remote --verbose [0ms]
[2022-02-19T13:35:54.303Z] > git for-each-ref --sort -committerdate --format %(refname) %(objectname) %(*objectname) [3ms]
[2022-02-19T13:35:54.307Z] > git config --get commit.template [0ms]
[2022-02-19T13:50:23.781Z] > git symbolic-ref --short HEAD [1ms]
[2022-02-19T13:50:23.785Z] > git for-each-ref --format=%(refname)%00%(upstream:short)%00%(objectname)%00%(upstream:track) refs/heads/master refs/remotes/master [1ms]
[2022-02-19T13:50:23.792Z] > git for-each-ref --sort -committerdate --format %(refname) %(objectname) %(*objectname) [3ms]
[2022-02-19T13:50:23.792Z] > git remote --verbose [1ms]
[2022-02-19T13:50:23.798Z] > git config --get commit.template [1ms]
[2022-02-19T13:52:20.048Z] > git symbolic-ref --short HEAD [0ms]
[2022-02-19T13:52:20.053Z] > git for-each-ref --format=%(refname)%00%(upstream:short)%00%(objectname)%00%(upstream:track) refs/heads/main refs/remotes/main [1ms]
[2022-02-19T13:52:20.060Z] > git for-each-ref --sort -committerdate --format %(refname) %(objectname) %(*objectname) [3ms]
[2022-02-19T13:52:20.060Z] > git remote --verbose [1ms]
[2022-02-19T13:52:20.065Z] > git config --get commit.template [0ms]
[2022-02-19T13:52:25.076Z] > git symbolic-ref --short HEAD [0ms]
[2022-02-19T13:52:25.080Z] > git for-each-ref --format=%(refname)%00%(upstream:short)%00%(objectname)%00%(upstream:track) refs/heads/main refs/remotes/main [1ms]
[2022-02-19T13:52:25.089Z] > git for-each-ref --sort -committerdate --format %(refname) %(objectname) %(*objectname) [5ms]
[2022-02-19T13:52:25.089Z] > git remote --verbose [1ms]
[2022-02-19T13:52:25.097Z] > git config --get commit.template [1ms]
[2022-02-19T14:05:03.313Z] > git ls-files --stage -- /home/bito/dev/ruby/src/seedly/notification.rb [1ms]
[2022-02-19T14:05:03.318Z] > git cat-file -s bf361700176ac99bc3bf9a66ed0424582df961f7 [1ms]
[2022-02-19T14:06:04.795Z] > git symbolic-ref --short HEAD [1ms]
[2022-02-19T14:06:04.799Z] > git for-each-ref --format=%(refname)%00%(upstream:short)%00%(objectname)%00%(upstream:track) refs/heads/main refs/remotes/main [0ms]
[2022-02-19T14:06:04.808Z] > git for-each-ref --sort -committerdate --format %(refname) %(objectname) %(*objectname) [5ms]
[2022-02-19T14:06:04.809Z] > git remote --verbose [1ms]
[2022-02-19T14:06:04.815Z] > git config --get commit.template [0ms]
[2022-02-19T14:06:09.826Z] > git symbolic-ref --short HEAD [1ms]
[2022-02-19T14:06:09.831Z] > git for-each-ref --format=%(refname)%00%(upstream:short)%00%(objectname)%00%(upstream:track) refs/heads/main refs/remotes/main [1ms]
[2022-02-19T14:06:09.840Z] > git for-each-ref --sort -committerdate --format %(refname) %(objectname) %(*objectname) [5ms]
[2022-02-19T14:06:09.840Z] > git remote --verbose [1ms]
[2022-02-19T14:06:09.846Z] > git config --get commit.template [0ms]
[2022-02-19T14:06:53.905Z] > git symbolic-ref --short HEAD [1ms]
[2022-02-19T14:06:53.910Z] > git for-each-ref --format=%(refname)%00%(upstream:short)%00%(objectname)%00%(upstream:track) refs/heads/main refs/remotes/main [1ms]
[2022-02-19T14:06:53.916Z] > git for-each-ref --sort -committerdate --format %(refname) %(objectname) %(*objectname) [3ms]
[2022-02-19T14:06:53.916Z] > git remote --verbose [0ms]
[2022-02-19T14:06:53.922Z] > git config --get commit.template [1ms]
[2022-02-19T14:07:02.203Z] > git symbolic-ref --short HEAD [0ms]
[2022-02-19T14:07:02.207Z] > git for-each-ref --format=%(refname)%00%(upstream:short)%00%(objectname)%00%(upstream:track) refs/heads/main refs/remotes/main [1ms]
[2022-02-19T14:07:02.214Z] > git for-each-ref --sort -committerdate --format %(refname) %(objectname) %(*objectname) [4ms]
[2022-02-19T14:07:02.215Z] > git remote --verbose [1ms]
[2022-02-19T14:07:02.219Z] > git config --get commit.template [0ms]
[2022-02-19T14:07:56.652Z] > git symbolic-ref --short HEAD [0ms]
[2022-02-19T14:07:56.658Z] > git for-each-ref --format=%(refname)%00%(upstream:short)%00%(objectname)%00%(upstream:track) refs/heads/main refs/remotes/main [1ms]
[2022-02-19T14:07:56.666Z] > git for-each-ref --sort -committerdate --format %(refname) %(objectname) %(*objectname) [4ms]
[2022-02-19T14:07:56.666Z] > git remote --verbose [0ms]
[2022-02-19T14:07:56.672Z] > git config --get commit.template [0ms]
[2022-02-19T14:10:23.937Z] > git ls-files --stage -- /home/bito/dev/ruby/src/seedly/notification.rb [1ms]
[2022-02-19T14:10:23.942Z] > git cat-file -s bf361700176ac99bc3bf9a66ed0424582df961f7 [1ms]
[2022-02-19T14:12:43.453Z] > git symbolic-ref --short HEAD [1ms]
[2022-02-19T14:12:43.456Z] > git for-each-ref --format=%(refname)%00%(upstream:short)%00%(objectname)%00%(upstream:track) refs/heads/main refs/remotes/main [0ms]
[2022-02-19T14:12:43.465Z] > git for-each-ref --sort -committerdate --format %(refname) %(objectname) %(*objectname) [5ms]
[2022-02-19T14:12:43.465Z] > git remote --verbose [1ms]
[2022-02-19T14:12:43.472Z] > git config --get commit.template [0ms]
[2022-02-19T14:13:46.606Z] > git symbolic-ref --short HEAD [1ms]
[2022-02-19T14:13:46.611Z] > git for-each-ref --format=%(refname)%00%(upstream:short)%00%(objectname)%00%(upstream:track) refs/heads/main refs/remotes/main [1ms]
[2022-02-19T14:13:46.618Z] > git for-each-ref --sort -committerdate --format %(refname) %(objectname) %(*objectname) [4ms]
[2022-02-19T14:13:46.618Z] > git remote --verbose [0ms]
[2022-02-19T14:13:46.623Z] > git config --get commit.template [1ms]
[2022-02-19T14:14:29.490Z] > git symbolic-ref --short HEAD [0ms]
[2022-02-19T14:14:29.496Z] > git for-each-ref --format=%(refname)%00%(upstream:short)%00%(objectname)%00%(upstream:track) refs/heads/main refs/remotes/main [2ms]
[2022-02-19T14:14:29.504Z] > git remote --verbose [0ms]
[2022-02-19T14:14:29.505Z] > git for-each-ref --sort -committerdate --format %(refname) %(objectname) %(*objectname) [5ms]
[2022-02-19T14:14:29.512Z] > git config --get commit.template [1ms]
[2022-02-19T14:14:34.523Z] > git symbolic-ref --short HEAD [0ms]
[2022-02-19T14:14:34.528Z] > git for-each-ref --format=%(refname)%00%(upstream:short)%00%(objectname)%00%(upstream:track) refs/heads/main refs/remotes/main [1ms]
[2022-02-19T14:14:34.537Z] > git remote --verbose [0ms]
[2022-02-19T14:14:34.537Z] > git for-each-ref --sort -committerdate --format %(refname) %(objectname) %(*objectname) [4ms]
[2022-02-19T14:14:34.545Z] > git config --get commit.template [2ms]
[2022-02-19T14:14:39.557Z] > git symbolic-ref --short HEAD [0ms]
[2022-02-19T14:14:39.562Z] > git for-each-ref --format=%(refname)%00%(upstream:short)%00%(objectname)%00%(upstream:track) refs/heads/main refs/remotes/main [0ms]
[2022-02-19T14:14:39.571Z] > git for-each-ref --sort -committerdate --format %(refname) %(objectname) %(*objectname) [4ms]
[2022-02-19T14:14:39.571Z] > git remote --verbose [1ms]
[2022-02-19T14:14:39.577Z] > git config --get commit.template [0ms]
[2022-02-19T14:14:48.813Z] > git symbolic-ref --short HEAD [1ms]
[2022-02-19T14:14:48.817Z] > git for-each-ref --format=%(refname)%00%(upstream:short)%00%(objectname)%00%(upstream:track) refs/heads/main refs/remotes/main [0ms]
[2022-02-19T14:14:48.825Z] > git for-each-ref --sort -committerdate --format %(refname) %(objectname) %(*objectname) [4ms]
[2022-02-19T14:14:48.825Z] > git remote --verbose [1ms]
[2022-02-19T14:14:48.832Z] > git config --get commit.template [1ms]
[2022-02-19T14:16:43.815Z] > git symbolic-ref --short HEAD [0ms]
[2022-02-19T14:16:43.819Z] > git for-each-ref --format=%(refname)%00%(upstream:short)%00%(objectname)%00%(upstream:track) refs/heads/main refs/remotes/main [0ms]
[2022-02-19T14:16:43.828Z] > git for-each-ref --sort -committerdate --format %(refname) %(objectname) %(*objectname) [4ms]
[2022-02-19T14:16:43.828Z] > git remote --verbose [0ms]
[2022-02-19T14:16:43.834Z] > git config --get commit.template [1ms]
[2022-02-19T14:17:49.655Z] > git symbolic-ref --short HEAD [1ms]
[2022-02-19T14:17:49.661Z] > git for-each-ref --format=%(refname)%00%(upstream:short)%00%(objectname)%00%(upstream:track) refs/heads/main refs/remotes/main [1ms]
[2022-02-19T14:17:49.670Z] > git for-each-ref --sort -committerdate --format %(refname) %(objectname) %(*objectname) [5ms]
[2022-02-19T14:17:49.670Z] > git remote --verbose [1ms]
[2022-02-19T14:17:49.676Z] > git config --get commit.template [1ms]
[2022-02-19T14:18:01.102Z] > git symbolic-ref --short HEAD [2ms]
[2022-02-19T14:18:01.107Z] > git for-each-ref --format=%(refname)%00%(upstream:short)%00%(objectname)%00%(upstream:track) refs/heads/main refs/remotes/main [1ms]
[2022-02-19T14:18:01.116Z] > git remote --verbose [1ms]
[2022-02-19T14:18:01.116Z] > git for-each-ref --sort -committerdate --format %(refname) %(objectname) %(*objectname) [5ms]
[2022-02-19T14:18:01.122Z] > git config --get commit.template [0ms]
[2022-02-19T14:18:17.726Z] > git symbolic-ref --short HEAD [0ms]
[2022-02-19T14:18:17.732Z] > git for-each-ref --format=%(refname)%00%(upstream:short)%00%(objectname)%00%(upstream:track) refs/heads/main refs/remotes/main [1ms]
[2022-02-19T14:18:17.740Z] > git for-each-ref --sort -committerdate --format %(refname) %(objectname) %(*objectname) [4ms]
[2022-02-19T14:18:17.740Z] > git remote --verbose [1ms]
[2022-02-19T14:18:17.747Z] > git config --get commit.template [1ms]
[2022-02-19T14:19:45.057Z] > git symbolic-ref --short HEAD [0ms]
[2022-02-19T14:19:45.061Z] > git for-each-ref --format=%(refname)%00%(upstream:short)%00%(objectname)%00%(upstream:track) refs/heads/main refs/remotes/main [1ms]
[2022-02-19T14:19:45.067Z] > git for-each-ref --sort -committerdate --format %(refname) %(objectname) %(*objectname) [3ms]
[2022-02-19T14:19:45.067Z] > git remote --verbose [1ms]
[2022-02-19T14:19:45.072Z] > git config --get commit.template [1ms]
[2022-02-19T14:22:34.387Z] > git symbolic-ref --short HEAD [0ms]
[2022-02-19T14:22:34.393Z] > git for-each-ref --format=%(refname)%00%(upstream:short)%00%(objectname)%00%(upstream:track) refs/heads/main refs/remotes/main [1ms]
[2022-02-19T14:22:34.403Z] > git for-each-ref --sort -committerdate --format %(refname) %(objectname) %(*objectname) [5ms]
[2022-02-19T14:22:34.403Z] > git remote --verbose [1ms]
[2022-02-19T14:22:34.410Z] > git config --get commit.template [1ms]
[2022-02-19T14:22:57.933Z] > git symbolic-ref --short HEAD [1ms]
[2022-02-19T14:22:57.938Z] > git for-each-ref --format=%(refname)%00%(upstream:short)%00%(objectname)%00%(upstream:track) refs/heads/main refs/remotes/main [1ms]
[2022-02-19T14:22:57.947Z] > git for-each-ref --sort -committerdate --format %(refname) %(objectname) %(*objectname) [5ms]
[2022-02-19T14:22:57.947Z] > git remote --verbose [1ms]
[2022-02-19T14:22:57.953Z] > git config --get commit.template [0ms]
[2022-02-19T14:23:02.965Z] > git symbolic-ref --short HEAD [1ms]
[2022-02-19T14:23:02.970Z] > git for-each-ref --format=%(refname)%00%(upstream:short)%00%(objectname)%00%(upstream:track) refs/heads/main refs/remotes/main [1ms]
[2022-02-19T14:23:02.979Z] > git for-each-ref --sort -committerdate --format %(refname) %(objectname) %(*objectname) [4ms]
[2022-02-19T14:23:02.979Z] > git remote --verbose [1ms]
[2022-02-19T14:23:02.985Z] > git config --get commit.template [1ms]
[2022-02-19T14:23:12.970Z] > git symbolic-ref --short HEAD [1ms]
[2022-02-19T14:23:12.976Z] > git for-each-ref --format=%(refname)%00%(upstream:short)%00%(objectname)%00%(upstream:track) refs/heads/main refs/remotes/main [1ms]
[2022-02-19T14:23:12.984Z] > git remote --verbose [0ms]
[2022-02-19T14:23:12.984Z] > git for-each-ref --sort -committerdate --format %(refname) %(objectname) %(*objectname) [4ms]
[2022-02-19T14:23:12.991Z] > git config --get commit.template [1ms]
[2022-02-19T14:23:18.003Z] > git symbolic-ref --short HEAD [1ms]
[2022-02-19T14:23:18.007Z] > git for-each-ref --format=%(refname)%00%(upstream:short)%00%(objectname)%00%(upstream:track) refs/heads/main refs/remotes/main [0ms]
[2022-02-19T14:23:18.017Z] > git remote --verbose [0ms]
[2022-02-19T14:23:18.017Z] > git for-each-ref --sort -committerdate --format %(refname) %(objectname) %(*objectname) [5ms]
[2022-02-19T14:23:18.023Z] > git config --get commit.template [1ms]
[2022-02-19T14:25:11.093Z] > git symbolic-ref --short HEAD [1ms]
[2022-02-19T14:25:11.097Z] > git for-each-ref --format=%(refname)%00%(upstream:short)%00%(objectname)%00%(upstream:track) refs/heads/main refs/remotes/main [0ms]
[2022-02-19T14:25:11.107Z] > git for-each-ref --sort -committerdate --format %(refname) %(objectname) %(*objectname) [5ms]
[2022-02-19T14:25:11.107Z] > git remote --verbose [1ms]
[2022-02-19T14:25:11.113Z] > git config --get commit.template [1ms]
[2022-02-19T14:25:36.305Z] > git symbolic-ref --short HEAD [0ms]
[2022-02-19T14:25:36.309Z] > git for-each-ref --format=%(refname)%00%(upstream:short)%00%(objectname)%00%(upstream:track) refs/heads/main refs/remotes/main [0ms]
[2022-02-19T14:25:36.316Z] > git for-each-ref --sort -committerdate --format %(refname) %(objectname) %(*objectname) [3ms]
[2022-02-19T14:25:36.317Z] > git remote --verbose [1ms]
[2022-02-19T14:25:36.321Z] > git config --get commit.template [1ms]
[2022-02-19T14:25:36.404Z] > git ls-files --stage -- /home/bito/dev/ruby/src/seedly/notification.rb [1ms]
[2022-02-19T14:25:36.408Z] > git cat-file -s bf361700176ac99bc3bf9a66ed0424582df961f7 [0ms]
[2022-02-19T14:25:45.764Z] > git symbolic-ref --short HEAD [0ms]
[2022-02-19T14:25:45.769Z] > git for-each-ref --format=%(refname)%00%(upstream:short)%00%(objectname)%00%(upstream:track) refs/heads/main refs/remotes/main [1ms]
[2022-02-19T14:25:45.777Z] > git for-each-ref --sort -committerdate --format %(refname) %(objectname) %(*objectname) [4ms]
[2022-02-19T14:25:45.777Z] > git remote --verbose [0ms]
[2022-02-19T14:25:45.783Z] > git config --get commit.template [0ms]
[2022-02-19T14:26:36.965Z] > git symbolic-ref --short HEAD [1ms]
[2022-02-19T14:26:36.971Z] > git for-each-ref --format=%(refname)%00%(upstream:short)%00%(objectname)%00%(upstream:track) refs/heads/main refs/remotes/main [1ms]
[2022-02-19T14:26:36.982Z] > git remote --verbose [2ms]
[2022-02-19T14:26:36.982Z] > git for-each-ref --sort -committerdate --format %(refname) %(objectname) %(*objectname) [7ms]
[2022-02-19T14:26:36.988Z] > git config --get commit.template [1ms]
[2022-02-19T14:27:02.343Z] > git symbolic-ref --short HEAD [1ms]
[2022-02-19T14:27:02.347Z] > git for-each-ref --format=%(refname)%00%(upstream:short)%00%(objectname)%00%(upstream:track) refs/heads/main refs/remotes/main [1ms]
[2022-02-19T14:27:02.355Z] > git for-each-ref --sort -committerdate --format %(refname) %(objectname) %(*objectname) [4ms]
[2022-02-19T14:27:02.355Z] > git remote --verbose [0ms]
[2022-02-19T14:27:02.362Z] > git config --get commit.template [1ms]
[2022-02-19T14:27:43.223Z] > git symbolic-ref --short HEAD [1ms]
[2022-02-19T14:27:43.227Z] > git for-each-ref --format=%(refname)%00%(upstream:short)%00%(objectname)%00%(upstream:track) refs/heads/main refs/remotes/main [0ms]
[2022-02-19T14:27:43.237Z] > git remote --verbose [1ms]
[2022-02-19T14:27:43.237Z] > git for-each-ref --sort -committerdate --format %(refname) %(objectname) %(*objectname) [5ms]
[2022-02-19T14:27:43.243Z] > git config --get commit.template [1ms]
[2022-02-19T14:29:12.917Z] > git symbolic-ref --short HEAD [1ms]
[2022-02-19T14:29:12.922Z] > git for-each-ref --format=%(refname)%00%(upstream:short)%00%(objectname)%00%(upstream:track) refs/heads/main refs/remotes/main [1ms]
[2022-02-19T14:29:12.931Z] > git remote --verbose [1ms]
[2022-02-19T14:29:12.931Z] > git for-each-ref --sort -committerdate --format %(refname) %(objectname) %(*objectname) [5ms]
[2022-02-19T14:29:12.937Z] > git config --get commit.template [1ms]
[2022-02-19T14:29:25.340Z] > git symbolic-ref --short HEAD [0ms]
[2022-02-19T14:29:25.345Z] > git for-each-ref --format=%(refname)%00%(upstream:short)%00%(objectname)%00%(upstream:track) refs/heads/main refs/remotes/main [0ms]
[2022-02-19T14:29:25.353Z] > git for-each-ref --sort -committerdate --format %(refname) %(objectname) %(*objectname) [5ms]
[2022-02-19T14:29:25.353Z] > git remote --verbose [0ms]
[2022-02-19T14:29:25.360Z] > git config --get commit.template [1ms]
[2022-02-19T14:30:26.274Z] > git symbolic-ref --short HEAD [1ms]
[2022-02-19T14:30:26.279Z] > git for-each-ref --format=%(refname)%00%(upstream:short)%00%(objectname)%00%(upstream:track) refs/heads/main refs/remotes/main [1ms]
[2022-02-19T14:30:26.288Z] > git for-each-ref --sort -committerdate --format %(refname) %(objectname) %(*objectname) [4ms]
[2022-02-19T14:30:26.288Z] > git remote --verbose [1ms]
[2022-02-19T14:30:26.294Z] > git config --get commit.template [0ms]
[2022-02-19T14:30:36.095Z] > git symbolic-ref --short HEAD [0ms]
[2022-02-19T14:30:36.101Z] > git for-each-ref --format=%(refname)%00%(upstream:short)%00%(objectname)%00%(upstream:track) refs/heads/main refs/remotes/main [1ms]
[2022-02-19T14:30:36.110Z] > git for-each-ref --sort -committerdate --format %(refname) %(objectname) %(*objectname) [5ms]
[2022-02-19T14:30:36.111Z] > git remote --verbose [1ms]
[2022-02-19T14:30:36.117Z] > git config --get commit.template [0ms]
[2022-02-19T14:31:44.869Z] > git symbolic-ref --short HEAD [1ms]
[2022-02-19T14:31:44.875Z] > git for-each-ref --format=%(refname)%00%(upstream:short)%00%(objectname)%00%(upstream:track) refs/heads/main refs/remotes/main [1ms]
[2022-02-19T14:31:44.884Z] > git for-each-ref --sort -committerdate --format %(refname) %(objectname) %(*objectname) [5ms]
[2022-02-19T14:31:44.884Z] > git remote --verbose [1ms]
[2022-02-19T14:31:44.890Z] > git config --get commit.template [1ms]
[2022-02-19T14:32:16.151Z] > git symbolic-ref --short HEAD [1ms]
[2022-02-19T14:32:16.156Z] > git for-each-ref --format=%(refname)%00%(upstream:short)%00%(objectname)%00%(upstream:track) refs/heads/main refs/remotes/main [1ms]
[2022-02-19T14:32:16.165Z] > git for-each-ref --sort -committerdate --format %(refname) %(objectname) %(*objectname) [5ms]
[2022-02-19T14:32:16.166Z] > git remote --verbose [1ms]
[2022-02-19T14:32:16.173Z] > git config --get commit.template [0ms]
[2022-02-19T14:33:10.394Z] > git symbolic-ref --short HEAD [0ms]
[2022-02-19T14:33:10.399Z] > git for-each-ref --format=%(refname)%00%(upstream:short)%00%(objectname)%00%(upstream:track) refs/heads/main refs/remotes/main [1ms]
[2022-02-19T14:33:10.407Z] > git for-each-ref --sort -committerdate --format %(refname) %(objectname) %(*objectname) [4ms]
[2022-02-19T14:33:10.407Z] > git remote --verbose [1ms]
[2022-02-19T14:33:10.414Z] > git config --get commit.template [1ms]
[2022-02-19T14:34:51.894Z] > git symbolic-ref --short HEAD [1ms]
[2022-02-19T14:34:51.899Z] > git for-each-ref --format=%(refname)%00%(upstream:short)%00%(objectname)%00%(upstream:track) refs/heads/main refs/remotes/main [1ms]
[2022-02-19T14:34:51.908Z] > git for-each-ref --sort -committerdate --format %(refname) %(objectname) %(*objectname) [5ms]
[2022-02-19T14:34:51.908Z] > git remote --verbose [0ms]
[2022-02-19T14:34:51.915Z] > git config --get commit.template [1ms]
